<?xml version="1.0" encoding="UTF-8"?>
<!-- Generated by org.testng.reporters.JUnitXMLReporter -->
<testsuite ignored="0" hostname="Mukeshs-MacBook-Pro.local" failures="0" tests="3" name="Default test" time="5.049" errors="0" timestamp="03 Oct 2024 12:06:00 GMT">
  <testcase classname="restAsuredPhase3.ReqResTest" name="GetAllEmployee" time="3.601"/>
  <testcase classname="restAsuredPhase3.ReqResTest" name="GetSingleEmployee" time="0.159"/>
  <testcase classname="restAsuredPhase3.ReqResTest" name="PostEmployee" time="1.218"/>
</testsuite> <!-- Default test -->
