<?xml version="1.0" encoding="UTF-8"?>
<testng-results ignored="0" total="3" passed="3" failed="0" skipped="0">
  <reporter-output>
  </reporter-output>
  <suite started-at="2024-10-03T12:05:55Z" name="Default suite" finished-at="2024-10-03T12:06:00Z" duration-ms="5049">
    <groups>
    </groups>
    <test started-at="2024-10-03T12:05:55Z" name="Default test" finished-at="2024-10-03T12:06:00Z" duration-ms="5049">
      <class name="restAsuredPhase3.ReqResTest">
        <test-method signature="GetAllEmployee()[pri:0, instance:restAsuredPhase3.ReqResTest@67d18ed7]" started-at="2024-10-03T12:05:55Z" name="GetAllEmployee" finished-at="2024-10-03T12:05:58Z" duration-ms="3601" status="PASS">
          <reporter-output>
          </reporter-output>
        </test-method> <!-- GetAllEmployee -->
        <test-method signature="GetSingleEmployee()[pri:0, instance:restAsuredPhase3.ReqResTest@67d18ed7]" started-at="2024-10-03T12:05:58Z" name="GetSingleEmployee" finished-at="2024-10-03T12:05:58Z" duration-ms="159" status="PASS">
          <reporter-output>
          </reporter-output>
        </test-method> <!-- GetSingleEmployee -->
        <test-method signature="PostEmployee()[pri:0, instance:restAsuredPhase3.ReqResTest@67d18ed7]" started-at="2024-10-03T12:05:58Z" name="PostEmployee" finished-at="2024-10-03T12:06:00Z" duration-ms="1218" status="PASS">
          <reporter-output>
          </reporter-output>
        </test-method> <!-- PostEmployee -->
      </class> <!-- restAsuredPhase3.ReqResTest -->
    </test> <!-- Default test -->
  </suite> <!-- Default suite -->
</testng-results>
